This file contains any messages produced by compilers while
running configure, to aid debugging if configure makes a mistake.

It was created by configure, which was
generated by GNU Autoconf 2.57.  Invocation command line was

  $ ./configure --disable-oss --enable-dummy

## --------- ##
## Platform. ##
## --------- ##

hostname = iViper.local
uname -m = x86_64
uname -r = 13.4.0
uname -s = Darwin
uname -v = Darwin Kernel Version 13.4.0: Sun Aug 17 19:50:11 PDT 2014; root:xnu-2422.115.4~1/RELEASE_X86_64

/usr/bin/uname -p = i386
/bin/uname -X     = unknown

/bin/arch              = unknown
/usr/bin/arch -k       = unknown
/usr/convex/getsysinfo = unknown
hostinfo               = Mach kernel version:
	 Darwin Kernel Version 13.4.0: Sun Aug 17 19:50:11 PDT 2014; root:xnu-2422.115.4~1/RELEASE_X86_64
Kernel configured for up to 4 processors.
2 processors are physically available.
4 processors are logically available.
Processor type: i486 (Intel 80486)
Processors active: 0 1 2 3
Primary memory available: 8.00 gigabytes
Default processor set: 150 tasks, 626 threads, 4 processors
Load average: 2.54, Mach factor: 1.66
/bin/machine           = unknown
/usr/bin/oslevel       = unknown
/bin/universe          = unknown

PATH: /usr/bin
PATH: /bin
PATH: /usr/sbin
PATH: /sbin
PATH: /usr/local/bin
PATH: /usr/local/bin
PATH: /Users/sakari/bin
PATH: /opt/local/bin
PATH: /opt/local/sbin
PATH: /usr/local/devkitpro/devkitARM/bin


## ----------- ##
## Core tests. ##
## ----------- ##

configure:1479: checking for a BSD-compatible install
configure:1533: result: /usr/bin/install -c
configure:1544: checking whether build environment is sane
configure:1587: result: yes
configure:1602: checking whether make sets $(MAKE)
configure:1622: result: yes
configure:1654: checking for working aclocal-1.4
configure:1665: result: missing
configure:1669: checking for working autoconf
configure:1676: result: found
configure:1684: checking for working automake-1.4
configure:1695: result: missing
configure:1699: checking for working autoheader
configure:1706: result: found
configure:1714: checking for working makeinfo
configure:1721: result: found
configure:1782: checking for gcc
configure:1798: found /usr/bin/gcc
configure:1808: result: gcc
configure:2052: checking for C compiler version
configure:2055: gcc --version </dev/null >&5
Configured with: --prefix=/Applications/Xcode.app/Contents/Developer/usr --with-gxx-include-dir=/usr/include/c++/4.2.1
Apple LLVM version 6.0 (clang-600.0.51) (based on LLVM 3.5svn)
Target: x86_64-apple-darwin13.4.0
Thread model: posix
configure:2058: $? = 0
configure:2060: gcc -v </dev/null >&5
Configured with: --prefix=/Applications/Xcode.app/Contents/Developer/usr --with-gxx-include-dir=/usr/include/c++/4.2.1
Apple LLVM version 6.0 (clang-600.0.51) (based on LLVM 3.5svn)
Target: x86_64-apple-darwin13.4.0
Thread model: posix
configure:2063: $? = 0
configure:2065: gcc -V </dev/null >&5
clang: error: argument to '-V' is missing (expected 1 value)
clang: error: no input files
configure:2068: $? = 1
configure:2092: checking for C compiler default output
configure:2095: gcc    conftest.c  >&5
configure:2098: $? = 0
configure:2144: result: a.out
configure:2149: checking whether the C compiler works
configure:2155: ./a.out
configure:2158: $? = 0
configure:2175: result: yes
configure:2182: checking whether we are cross compiling
configure:2184: result: no
configure:2187: checking for suffix of executables
configure:2189: gcc -o conftest    conftest.c  >&5
configure:2192: $? = 0
configure:2217: result: 
configure:2223: checking for suffix of object files
configure:2245: gcc -c   conftest.c >&5
configure:2248: $? = 0
configure:2270: result: o
configure:2274: checking whether we are using the GNU C compiler
configure:2299: gcc -c   conftest.c >&5
configure:2302: $? = 0
configure:2305: test -s conftest.o
configure:2308: $? = 0
configure:2321: result: yes
configure:2327: checking whether gcc accepts -g
configure:2349: gcc -c -g  conftest.c >&5
configure:2352: $? = 0
configure:2355: test -s conftest.o
configure:2358: $? = 0
configure:2369: result: yes
configure:2386: checking for gcc option to accept ANSI C
configure:2447: gcc  -c -g -O2  conftest.c >&5
configure:2450: $? = 0
configure:2453: test -s conftest.o
configure:2456: $? = 0
configure:2474: result: none needed
configure:2492: gcc -c -g -O2  conftest.c >&5
conftest.c:2:3: error: unknown type name 'choke'
  choke me
  ^
conftest.c:2:11: error: expected ';' after top level declarator
  choke me
          ^
          ;
2 errors generated.
configure:2495: $? = 1
configure: failed program was:
| #ifndef __cplusplus
|   choke me
| #endif
configure:2615: checking for a BSD-compatible install
configure:2669: result: /usr/bin/install -c
configure:2752: checking build system type
configure:2770: result: i686-apple-darwin13.4.0
configure:2778: checking host system type
configure:2792: result: i686-apple-darwin13.4.0
configure:2822: checking for ld used by GCC
configure:2885: result: /Applications/Xcode.app/Contents/Developer/Toolchains/XcodeDefault.xctoolchain/usr/bin/ld
configure:2894: checking if the linker (/Applications/Xcode.app/Contents/Developer/Toolchains/XcodeDefault.xctoolchain/usr/bin/ld) is GNU ld
configure:2906: result: no
configure:2911: checking for /Applications/Xcode.app/Contents/Developer/Toolchains/XcodeDefault.xctoolchain/usr/bin/ld option to reload object files
configure:2918: result: -r
configure:2923: checking for BSD-compatible nm
configure:2959: result: /usr/bin/nm
configure:2962: checking for a sed that does not truncate output
configure:3044: result: /opt/local/bin/gsed
configure:3047: checking whether ln -s works
configure:3051: result: yes
configure:3058: checking how to recognise dependent libraries
configure:3239: result: file_magic Mach-O dynamically linked shared library
configure:3252: checking command to parse /usr/bin/nm output
configure:3336: gcc -c -g -O2  conftest.c >&5
configure:3339: $? = 0
configure:3343: /usr/bin/nm conftest.o \| sed -n -e 's/^.*[ 	]\([BCDEGRST][BCDEGRST]*\)[ 	][ 	]*\(\)\([_A-Za-z][_A-Za-z0-9]*\)$/\1 \2\3 \3/p' \> conftest.nm
configure:3346: $? = 0
cannot find nm_test_var in conftest.nm
configure:3336: gcc -c -g -O2  conftest.c >&5
configure:3339: $? = 0
configure:3343: /usr/bin/nm conftest.o \| sed -n -e 's/^.*[ 	]\([BCDEGRST][BCDEGRST]*\)[ 	][ 	]*\(_\)\([_A-Za-z][_A-Za-z0-9]*\)$/\1 \2\3 \3/p' \> conftest.nm
configure:3346: $? = 0
configure:3398: gcc -o conftest -g -O2   conftest.c conftstm.o >&5
configure:3401: $? = 0
configure:3445: result: ok
configure:3454: checking how to run the C preprocessor
configure:3490: gcc -E  conftest.c
configure:3496: $? = 0
configure:3528: gcc -E  conftest.c
configure:3529:10: fatal error: 'ac_nonexistent.h' file not found
#include <ac_nonexistent.h>
         ^
1 error generated.
configure:3534: $? = 1
configure: failed program was:
| #line 3519 "configure"
| /* confdefs.h.  */
| 
| #define PACKAGE_NAME ""
| #define PACKAGE_TARNAME ""
| #define PACKAGE_VERSION ""
| #define PACKAGE_STRING ""
| #define PACKAGE_BUGREPORT ""
| #define PACKAGE "umix"
| #define VERSION "1.0.2"
| /* end confdefs.h.  */
| #include <ac_nonexistent.h>
configure:3572: result: gcc -E
configure:3597: gcc -E  conftest.c
configure:3603: $? = 0
configure:3635: gcc -E  conftest.c
configure:3636:10: fatal error: 'ac_nonexistent.h' file not found
#include <ac_nonexistent.h>
         ^
1 error generated.
configure:3641: $? = 1
configure: failed program was:
| #line 3626 "configure"
| /* confdefs.h.  */
| 
| #define PACKAGE_NAME ""
| #define PACKAGE_TARNAME ""
| #define PACKAGE_VERSION ""
| #define PACKAGE_STRING ""
| #define PACKAGE_BUGREPORT ""
| #define PACKAGE "umix"
| #define VERSION "1.0.2"
| /* end confdefs.h.  */
| #include <ac_nonexistent.h>
configure:3684: checking for egrep
configure:3694: result: grep -E
configure:3699: checking for ANSI C header files
configure:3725: gcc -c -g -O2  conftest.c >&5
configure:3728: $? = 0
configure:3731: test -s conftest.o
configure:3734: $? = 0
configure:3826: gcc -o conftest -g -O2   conftest.c  >&5
configure:3821:7: warning: implicitly declaring library function 'exit' with type 'void (int) __attribute__((noreturn))'
      exit(2);
      ^
configure:3821:7: note: please include the header <stdlib.h> or explicitly provide a declaration for 'exit'
1 warning generated.
configure:3829: $? = 0
configure:3831: ./conftest
configure:3834: $? = 0
configure:3849: result: yes
configure:3873: checking for sys/types.h
configure:3890: gcc -c -g -O2  conftest.c >&5
configure:3893: $? = 0
configure:3896: test -s conftest.o
configure:3899: $? = 0
configure:3910: result: yes
configure:3873: checking for sys/stat.h
configure:3890: gcc -c -g -O2  conftest.c >&5
configure:3893: $? = 0
configure:3896: test -s conftest.o
configure:3899: $? = 0
configure:3910: result: yes
configure:3873: checking for stdlib.h
configure:3890: gcc -c -g -O2  conftest.c >&5
configure:3893: $? = 0
configure:3896: test -s conftest.o
configure:3899: $? = 0
configure:3910: result: yes
configure:3873: checking for string.h
configure:3890: gcc -c -g -O2  conftest.c >&5
configure:3893: $? = 0
configure:3896: test -s conftest.o
configure:3899: $? = 0
configure:3910: result: yes
configure:3873: checking for memory.h
configure:3890: gcc -c -g -O2  conftest.c >&5
configure:3893: $? = 0
configure:3896: test -s conftest.o
configure:3899: $? = 0
configure:3910: result: yes
configure:3873: checking for strings.h
configure:3890: gcc -c -g -O2  conftest.c >&5
configure:3893: $? = 0
configure:3896: test -s conftest.o
configure:3899: $? = 0
configure:3910: result: yes
configure:3873: checking for inttypes.h
configure:3890: gcc -c -g -O2  conftest.c >&5
configure:3893: $? = 0
configure:3896: test -s conftest.o
configure:3899: $? = 0
configure:3910: result: yes
configure:3873: checking for stdint.h
configure:3890: gcc -c -g -O2  conftest.c >&5
configure:3893: $? = 0
configure:3896: test -s conftest.o
configure:3899: $? = 0
configure:3910: result: yes
configure:3873: checking for unistd.h
configure:3890: gcc -c -g -O2  conftest.c >&5
configure:3893: $? = 0
configure:3896: test -s conftest.o
configure:3899: $? = 0
configure:3910: result: yes
configure:3936: checking dlfcn.h usability
configure:3949: gcc -c -g -O2  conftest.c >&5
configure:3952: $? = 0
configure:3955: test -s conftest.o
configure:3958: $? = 0
configure:3968: result: yes
configure:3972: checking dlfcn.h presence
configure:3983: gcc -E  conftest.c
configure:3989: $? = 0
configure:4008: result: yes
configure:4044: checking for dlfcn.h
configure:4051: result: yes
configure:4249: checking for ranlib
configure:4265: found /usr/bin/ranlib
configure:4276: result: ranlib
configure:4329: checking for strip
configure:4345: found /usr/bin/strip
configure:4356: result: strip
configure:4566: checking for objdir
configure:4577: result: .libs
configure:4594: checking for gcc option to produce PIC
configure:4740: result: -fno-common
configure:4744: checking if gcc PIC flag -fno-common works
configure:4768: gcc -c -g -O2 -fno-common -DPIC  conftest.c >&5
configure:4771: $? = 0
configure:4774: test -s conftest.o
configure:4777: $? = 0
configure:4815: result: yes
configure:4831: checking if gcc static flag -static works
configure:4856: gcc -o conftest -g -O2   -static conftest.c  >&5
ld: library not found for -lcrt0.o
clang: error: linker command failed with exit code 1 (use -v to see invocation)
configure:4859: $? = 1
configure: failed program was:
| #line 4839 "configure"
| /* confdefs.h.  */
| 
| #define PACKAGE_NAME ""
| #define PACKAGE_TARNAME ""
| #define PACKAGE_VERSION ""
| #define PACKAGE_STRING ""
| #define PACKAGE_BUGREPORT ""
| #define PACKAGE "umix"
| #define VERSION "1.0.2"
| #define STDC_HEADERS 1
| #define HAVE_SYS_TYPES_H 1
| #define HAVE_SYS_STAT_H 1
| #define HAVE_STDLIB_H 1
| #define HAVE_STRING_H 1
| #define HAVE_MEMORY_H 1
| #define HAVE_STRINGS_H 1
| #define HAVE_INTTYPES_H 1
| #define HAVE_STDINT_H 1
| #define HAVE_UNISTD_H 1
| #define HAVE_DLFCN_H 1
| /* end confdefs.h.  */
| 
| int
| main ()
| {
| 
|   ;
|   return 0;
| }
configure:4881: result: no
configure:4893: checking if gcc supports -c -o file.o
configure:4913: gcc -c -g -O2 -o out/conftest2.o  conftest.c >&5
configure:4937: result: yes
configure:4942: checking if gcc supports -c -o file.lo
configure:4970: gcc -c -g -O2 -c -o conftest.lo  conftest.c >&5
configure:4973: $? = 0
configure:4976: test -s conftest.lo
configure:4979: $? = 0
configure:5001: result: yes
configure:5032: checking if gcc supports -fno-rtti -fno-exceptions
configure:5055: gcc -c -g -O2 -fno-rtti -fno-exceptions -c conftest.c  conftest.c >&5
configure:5058: $? = 0
configure:5061: test -s conftest.o
configure:5064: $? = 0
configure:5081: result: yes
configure:5092: checking whether the linker (/Applications/Xcode.app/Contents/Developer/Toolchains/XcodeDefault.xctoolchain/usr/bin/ld) supports shared libraries
configure:5787: result: yes
configure:5792: checking how to hardcode library paths into programs
configure:5816: result: unsupported
configure:5821: checking whether stripping libraries is possible
configure:5829: result: no
configure:5837: checking dynamic linker characteristics
configure:6257: result: darwin13.4.0 dyld
configure:6262: checking if libtool supports shared libraries
configure:6264: result: yes
configure:6267: checking whether to build shared libraries
configure:6288: result: yes
configure:6291: checking whether to build static libraries
configure:6295: result: yes
configure:6969: checking whether -lc should be explicitly linked in
configure:6977: gcc -c -g -O2  conftest.c >&5
configure:6980: $? = 0
configure:6994: gcc -r -keep_private_externs -nostdlib -o conftest-master.o conftest.o && gcc -dynamiclib  -o conftest conftest-master.o -v -install_name /conftest 2\>\&1 \| grep  -lc  \>/dev/null 2\>\&1
configure:6997: $? = 1
configure:7010: result: yes
configure:7599: checking getopt.h usability
configure:7612: gcc -c -g -O2  conftest.c >&5
configure:7615: $? = 0
configure:7618: test -s conftest.o
configure:7621: $? = 0
configure:7631: result: yes
configure:7635: checking getopt.h presence
configure:7646: gcc -E  conftest.c
configure:7652: $? = 0
configure:7671: result: yes
configure:7707: checking for getopt.h
configure:7714: result: yes
configure:7731: checking for getopt_long
configure:7781: gcc -o conftest -g -O2   conftest.c  >&5
configure:7784: $? = 0
configure:7787: test -s conftest
configure:7790: $? = 0
configure:7801: result: yes
configure:8030: checking for initscr in -lncurses
configure:8061: gcc -o conftest -g -O2   conftest.c -lncurses   >&5
configure:8064: $? = 0
configure:8067: test -s conftest
configure:8070: $? = 0
configure:8082: result: yes
configure:8282: creating ./config.status

## ---------------------- ##
## Running config.status. ##
## ---------------------- ##

This file was extended by config.status, which was
generated by GNU Autoconf 2.57.  Invocation command line was

  CONFIG_FILES    = 
  CONFIG_HEADERS  = 
  CONFIG_LINKS    = 
  CONFIG_COMMANDS = 
  $ ./config.status 

on iViper.local

config.status:655: creating Makefile
config.status:655: creating doc/Makefile
config.status:655: creating src/Makefile
config.status:759: creating config.h
config.status:878: config.h is unchanged
config.status:978: executing default-1 commands

## ---------------- ##
## Cache variables. ##
## ---------------- ##

ac_cv_build=i686-apple-darwin13.4.0
ac_cv_build_alias=i686-apple-darwin13.4.0
ac_cv_c_compiler_gnu=yes
ac_cv_env_CC_set=
ac_cv_env_CC_value=
ac_cv_env_CFLAGS_set=
ac_cv_env_CFLAGS_value=
ac_cv_env_CPPFLAGS_set=
ac_cv_env_CPPFLAGS_value=
ac_cv_env_CPP_set=
ac_cv_env_CPP_value=
ac_cv_env_LDFLAGS_set=
ac_cv_env_LDFLAGS_value=
ac_cv_env_build_alias_set=
ac_cv_env_build_alias_value=
ac_cv_env_host_alias_set=
ac_cv_env_host_alias_value=
ac_cv_env_target_alias_set=
ac_cv_env_target_alias_value=
ac_cv_exeext=
ac_cv_func_getopt_long=yes
ac_cv_header_dlfcn_h=yes
ac_cv_header_getopt_h=yes
ac_cv_header_inttypes_h=yes
ac_cv_header_memory_h=yes
ac_cv_header_stdc=yes
ac_cv_header_stdint_h=yes
ac_cv_header_stdlib_h=yes
ac_cv_header_string_h=yes
ac_cv_header_strings_h=yes
ac_cv_header_sys_stat_h=yes
ac_cv_header_sys_types_h=yes
ac_cv_header_unistd_h=yes
ac_cv_host=i686-apple-darwin13.4.0
ac_cv_host_alias=i686-apple-darwin13.4.0
ac_cv_lib_ncurses_initscr=yes
ac_cv_objext=o
ac_cv_path_install='/usr/bin/install -c'
ac_cv_prog_CPP='gcc -E'
ac_cv_prog_ac_ct_CC=gcc
ac_cv_prog_ac_ct_RANLIB=ranlib
ac_cv_prog_ac_ct_STRIP=strip
ac_cv_prog_cc_g=yes
ac_cv_prog_cc_stdc=
ac_cv_prog_egrep='grep -E'
ac_cv_prog_make_make_set=yes
lt_cv_archive_cmds_need_lc=yes
lt_cv_compiler_c_o=yes
lt_cv_compiler_o_lo=yes
lt_cv_deplibs_check_method='file_magic Mach-O dynamically linked shared library'
lt_cv_file_magic_cmd='/usr/bin/file -L'
lt_cv_file_magic_test_file=/usr/lib/libSystem.dylib
lt_cv_global_symbol_to_c_name_address='sed -n -e '\''s/^: \([^ ]*\) $/  {\"\1\", (lt_ptr) 0},/p'\'' -e '\''s/^[BCDEGRST] \([^ ]*\) \([^ ]*\)$/  {"\2", (lt_ptr) \&\2},/p'\'''
lt_cv_global_symbol_to_cdecl='sed -n -e '\''s/^. .* \(.*\)$/extern char \1;/p'\'''
lt_cv_ld_reload_flag=-r
lt_cv_path_LD=/Applications/Xcode.app/Contents/Developer/Toolchains/XcodeDefault.xctoolchain/usr/bin/ld
lt_cv_path_NM=/usr/bin/nm
lt_cv_path_SED=/opt/local/bin/gsed
lt_cv_prog_cc_can_build_shared=yes
lt_cv_prog_cc_no_builtin=
lt_cv_prog_cc_pic=' -fno-common'
lt_cv_prog_cc_pic_works=yes
lt_cv_prog_cc_shlib=
lt_cv_prog_cc_static=
lt_cv_prog_cc_static_works=no
lt_cv_prog_cc_wl=-Wl,
lt_cv_prog_gnu_ld=no
lt_cv_sys_global_symbol_pipe='sed -n -e '\''s/^.*[ 	]\([BCDEGRST][BCDEGRST]*\)[ 	][ 	]*\(_\)\([_A-Za-z][_A-Za-z0-9]*\)$/\1 \2\3 \3/p'\'''

## ----------------- ##
## Output variables. ##
## ----------------- ##

ACLOCAL='/Users/sakari/Documents/Kehitys/c/umix-1.0.2/missing aclocal-1.4'
AUTOCONF='autoconf'
AUTOHEADER='autoheader'
AUTOMAKE='/Users/sakari/Documents/Kehitys/c/umix-1.0.2/missing automake-1.4'
CC='gcc'
CFLAGS='-g -O2 -Wall'
CPP='gcc -E'
CPPFLAGS=''
DEFS='-DHAVE_CONFIG_H'
ECHO='/bin/echo'
ECHO_C='ECHO_N=''
ECHO_T=''
EGREP='grep -E'
EXEEXT=''
HAVE_DUMMY='no'
INSTALL_DATA='${INSTALL} -m 644'
INSTALL_PROGRAM='${INSTALL}'
INSTALL_SCRIPT='${INSTALL}'
LDFLAGS=''
LIBOBJS=''
LIBS=' -lncurses'
LIBTOOL='$(SHELL) $(top_builddir)/libtool'
LN_S='ln -s'
LTLIBOBJS=''
MAKEINFO='makeinfo'
NCURSLIB='ncurses'
OBJEXT='o'
PACKAGE='umix'
PACKAGE_BUGREPORT=''
PACKAGE_NAME=''
PACKAGE_STRING=''
PACKAGE_TARNAME=''
PACKAGE_VERSION=''
PATH_SEPARATOR=':'
RANLIB='ranlib'
SET_MAKE=''
SHELL='/bin/sh'
STRIP='strip'
VERSION='1.0.2'
ac_ct_CC='gcc'
ac_ct_RANLIB='ranlib'
ac_ct_STRIP='strip'
bindir='${exec_prefix}/bin'
build='i686-apple-darwin13.4.0'
build_alias=''
build_cpu='i686'
build_os='darwin13.4.0'
build_vendor='apple'
datadir='${prefix}/share'
exec_prefix='${prefix}'
host='i686-apple-darwin13.4.0'
host_alias=''
host_cpu='i686'
host_os='darwin13.4.0'
host_vendor='apple'
includedir='${prefix}/include'
infodir='${prefix}/info'
libdir='${exec_prefix}/lib'
libexecdir='${exec_prefix}/libexec'
localstatedir='${prefix}/var'
mandir='${prefix}/man'
oldincludedir='/usr/include'
prefix='/usr/local'
program_transform_name='s,x,x,'
sbindir='${exec_prefix}/sbin'
sharedstatedir='${prefix}/com'
sysconfdir='/etc'
target_alias=''
umix_CONDOBJS=' driver_dummy.o ui_ncurses.o'

## ----------- ##
## confdefs.h. ##
## ----------- ##

#define DEF_CONFIG_DIR "/etc"
#define DEF_DEVICE_PATH "/dev/mixer"
#define HAVE_DLFCN_H 1
#define HAVE_DUMMY 1
#define HAVE_GETOPT_H 1
#define HAVE_GETOPT_LONG 1
#define HAVE_INTTYPES_H 1
#define HAVE_MEMORY_H 1
#define HAVE_NCURSES 1
#define HAVE_STDINT_H 1
#define HAVE_STDLIB_H 1
#define HAVE_STRINGS_H 1
#define HAVE_STRING_H 1
#define HAVE_SYS_STAT_H 1
#define HAVE_SYS_TYPES_H 1
#define HAVE_UNISTD_H 1
#define PACKAGE "umix"
#define PACKAGE_BUGREPORT ""
#define PACKAGE_NAME ""
#define PACKAGE_STRING ""
#define PACKAGE_TARNAME ""
#define PACKAGE_VERSION ""
#define STDC_HEADERS 1
#define VERSION "1.0.2"

configure: exit 0
